f:\ta\dx12\myexercrise\day2\x64\debug\vc143.pdb
f:\ta\dx12\myexercrise\day2\x64\debug\vc143.idb
f:\ta\dx12\myexercrise\day2\x64\debug\main.obj
f:\ta\dx12\myexercrise\day2\x64\debug\directxapp.obj
f:\ta\dx12\myexercrise\day2\x64\debug\mathhelper.obj
f:\ta\dx12\myexercrise\day2\x64\debug\geometrygenerator.obj
f:\ta\dx12\myexercrise\day2\x64\debug\gametimer.obj
f:\ta\dx12\myexercrise\day2\x64\debug\ddstextureloader.obj
f:\ta\dx12\myexercrise\day2\x64\debug\d3dutil.obj
f:\ta\dx12\myexercrise\day2\x64\debug\d3dapp.obj
f:\ta\dx12\myexercrise\day2\x64\debug\camera.obj
f:\ta\dx12\myexercrise\day2\x64\debug\day2.ilk
f:\ta\dx12\myexercrise\day1\x64\debug\day2.pdb
f:\ta\dx12\myexercrise\day1\x64\debug\day2.exe
f:\ta\dx12\myexercrise\day2\x64\debug\day2.tlog\cl.command.1.tlog
f:\ta\dx12\myexercrise\day2\x64\debug\day2.tlog\cl.read.1.tlog
f:\ta\dx12\myexercrise\day2\x64\debug\day2.tlog\cl.write.1.tlog
f:\ta\dx12\myexercrise\day2\x64\debug\day2.tlog\link.command.1.tlog
f:\ta\dx12\myexercrise\day2\x64\debug\day2.tlog\link.read.1.tlog
f:\ta\dx12\myexercrise\day2\x64\debug\day2.tlog\link.write.1.tlog
